0 verbose cli /usr/local/bin/node /usr/local/bin/npm
1 info using npm@11.9.0
2 info using node@v24.14.0
3 silly config load:file:/usr/local/lib/node_modules/npm/npmrc
4 silly config load:file:/Users/mac/product/GodMaster-Orchestrator/sites/site-0001-tokyogas/.npmrc
5 silly config load:file:/Users/mac/.npmrc
6 silly config load:file:/usr/local/etc/npmrc
7 verbose title npm install vite
8 verbose argv "install" "--save-dev" "vite"
9 verbose logfile logs-max:10 dir:/Users/mac/product/GodMaster-Orchestrator/sites/site-0001-tokyogas/.npm-cache/_logs/2026-02-25T15_37_51_859Z-
10 verbose logfile /Users/mac/product/GodMaster-Orchestrator/sites/site-0001-tokyogas/.npm-cache/_logs/2026-02-25T15_37_51_859Z-debug-0.log
11 silly logfile done cleaning log files
12 http fetch GET https://registry.npmjs.org/npm attempt 1 failed with ENOTFOUND
13 silly packumentCache heap:4496293888 maxSize:1124073472 maxEntrySize:562036736
14 silly idealTree buildDeps
15 silly fetch manifest vite@*
16 silly packumentCache full:https://registry.npmjs.org/vite cache-miss
17 http fetch GET https://registry.npmjs.org/vite attempt 1 failed with ENOTFOUND
18 http fetch GET https://registry.npmjs.org/npm attempt 2 failed with ENOTFOUND
19 http fetch GET https://registry.npmjs.org/vite attempt 2 failed with ENOTFOUND
